www.beta.admin.visionwallet.com
account-ama-stage8.noznom.tech
hxservice-blackforest.outlook.de
*.beta.visit-service.katara.amazon.dev
beta.visit-service.katara.amazon.dev
alt.canary.s3.ca-central-1.vpce.amazonaws.com
canary.s3.ca-central-1.vpce.amazonaws.com
alt.canary.s3.ap-southeast-1.vpce.amazonaws.com
canary.s3.ap-southeast-1.vpce.amazonaws.com
*.privatelink.synt-20210903-0251-enabledisablehajob-ft6d-sg.postgres.database.azure.com
*.synt-20210903-0251-enabledisablehajob-ft6d-sg.postgres.database.azure.com
acec6cdd9457792f2b1ffad32e364182d2a0.postgres.database.azure.com
synt-20210903-0251-enabledisablehajob-ft6d-sg-c.postgres.database.azure.com
*.accesspoint.vpce-0c306c7a969f07f94-jsgyfkf2-eu-central-1a.s3.eu-central-1.vpce.amazonaws.com
*.accesspoint.vpce-0c306c7a969f07f94-jsgyfkf2-eu-central-1b.s3.eu-central-1.vpce.amazonaws.com
*.accesspoint.vpce-0c306c7a969f07f94-jsgyfkf2-eu-central-1c.s3.eu-central-1.vpce.amazonaws.com
*.accesspoint.vpce-0c306c7a969f07f94-jsgyfkf2.s3.eu-central-1.vpce.amazonaws.com
*.bucket.vpce-0c306c7a969f07f94-jsgyfkf2-eu-central-1a.s3.eu-central-1.vpce.amazonaws.com
*.bucket.vpce-0c306c7a969f07f94-jsgyfkf2-eu-central-1b.s3.eu-central-1.vpce.amazonaws.com
*.bucket.vpce-0c306c7a969f07f94-jsgyfkf2-eu-central-1c.s3.eu-central-1.vpce.amazonaws.com
*.bucket.vpce-0c306c7a969f07f94-jsgyfkf2.s3.eu-central-1.vpce.amazonaws.com
*.control.vpce-0c306c7a969f07f94-jsgyfkf2-eu-central-1a.s3.eu-central-1.vpce.amazonaws.com
*.control.vpce-0c306c7a969f07f94-jsgyfkf2-eu-central-1b.s3.eu-central-1.vpce.amazonaws.com
*.control.vpce-0c306c7a969f07f94-jsgyfkf2-eu-central-1c.s3.eu-central-1.vpce.amazonaws.com
*.control.vpce-0c306c7a969f07f94-jsgyfkf2.s3.eu-central-1.vpce.amazonaws.com
*.s3-accesspoint.eu-central-1.amazonaws.com
*.s3-control.eu-central-1.amazonaws.com
bucket.vpce-0c306c7a969f07f94-jsgyfkf2-eu-central-1a.s3.eu-central-1.vpce.amazonaws.com
bucket.vpce-0c306c7a969f07f94-jsgyfkf2-eu-central-1b.s3.eu-central-1.vpce.amazonaws.com
bucket.vpce-0c306c7a969f07f94-jsgyfkf2-eu-central-1c.s3.eu-central-1.vpce.amazonaws.com
bucket.vpce-0c306c7a969f07f94-jsgyfkf2.s3.eu-central-1.vpce.amazonaws.com
blog.store.dev.multi-banking.online
www.blog.store.dev.multi-banking.online
support.xemailverify.com
support.staunchlyservices.com
posters-shop.com
admin.auth.lpenales.test.cutely.work
www.admin.lpenales.test.cutely.work
www.api.lpenales.test.cutely.work
www.listingsearchservice.lpenales.test.cutely.work
www.servicemanager.lpenales.test.cutely.work
amazonfk.no
lyndenhsbcenter.com
subscribe.tammymastroberte.com
www.subscribe.tammymastroberte.com
freejobsalerts.online
www.freejobsalerts.online
dc2.consul.666b9fe1-54f1-4a1f-a065-b0ae085fa7f2.aws.hashicorp.cloud
dc2.private.consul.666b9fe1-54f1-4a1f-a065-b0ae085fa7f2.aws.hashicorp.cloud
www.agenciaidentidade.com.br.cinerela.com.br
*.us-west-2.es.amazonaws.com
kxpfebzue543b3r4saprc2jjve.us-west-2.es.amazonaws.com
alt.canary.s3.sa-east-1.vpce.amazonaws.com
canary.s3.sa-east-1.vpce.amazonaws.com
*.us-west-2.es.amazonaws.com
r3ustrkxgbi5aj2ojfsbt364be.us-west-2.es.amazonaws.com
*.us-west-2.es.amazonaws.com
hu4i6qnnar4x56vqszpz5jnfqe.us-west-2.es.amazonaws.com
*.us-west-2.es.amazonaws.com
mjp324643ko2ttj7rxc5ppfoxa.us-west-2.es.amazonaws.com
*.us-west-2.es.amazonaws.com
7cix64zfwbbm5qon3dhpyuxfs4.us-west-2.es.amazonaws.com
www.lyndenhsbcenter.com
subscribe.tammymastroberte.com
www.subscribe.tammymastroberte.com
www2.blog.heartlines.org.za.redirector.flowsa.net
w0-runnerscaleoutcitusgroup637662340272996687.postgres.database.azure.com
*.us-west-2.es.amazonaws.com
ri6fbixficy7d6cn6bf4zuja5y.us-west-2.es.amazonaws.com
lyndenhsbcenter.com
*.officerdelightfulstirring.top
officerdelightfulstirring.top
*.officerdelightfulstirring.top
officerdelightfulstirring.top
*.us-east-2.es.amazonaws.com
cfkaflpnobwj775xjkr65lex7m.us-east-2.es.amazonaws.com
*.us-east-2.es.amazonaws.com
cfkaflpnobwj775xjkr65lex7m.us-east-2.es.amazonaws.com
*.accesspoint.vpce-003b261c094fd9114-d1m6jung-ap-northeast-2a.s3.ap-northeast-2.vpce.amazonaws.com
*.accesspoint.vpce-003b261c094fd9114-d1m6jung-ap-northeast-2b.s3.ap-northeast-2.vpce.amazonaws.com
*.accesspoint.vpce-003b261c094fd9114-d1m6jung-ap-northeast-2c.s3.ap-northeast-2.vpce.amazonaws.com
*.accesspoint.vpce-003b261c094fd9114-d1m6jung-ap-northeast-2d.s3.ap-northeast-2.vpce.amazonaws.com
*.accesspoint.vpce-003b261c094fd9114-d1m6jung.s3.ap-northeast-2.vpce.amazonaws.com
*.bucket.vpce-003b261c094fd9114-d1m6jung-ap-northeast-2a.s3.ap-northeast-2.vpce.amazonaws.com
*.bucket.vpce-003b261c094fd9114-d1m6jung-ap-northeast-2b.s3.ap-northeast-2.vpce.amazonaws.com
*.bucket.vpce-003b261c094fd9114-d1m6jung-ap-northeast-2c.s3.ap-northeast-2.vpce.amazonaws.com
*.bucket.vpce-003b261c094fd9114-d1m6jung-ap-northeast-2d.s3.ap-northeast-2.vpce.amazonaws.com
*.bucket.vpce-003b261c094fd9114-d1m6jung.s3.ap-northeast-2.vpce.amazonaws.com
*.control.vpce-003b261c094fd9114-d1m6jung-ap-northeast-2a.s3.ap-northeast-2.vpce.amazonaws.com
*.control.vpce-003b261c094fd9114-d1m6jung-ap-northeast-2b.s3.ap-northeast-2.vpce.amazonaws.com
*.control.vpce-003b261c094fd9114-d1m6jung-ap-northeast-2c.s3.ap-northeast-2.vpce.amazonaws.com
*.control.vpce-003b261c094fd9114-d1m6jung-ap-northeast-2d.s3.ap-northeast-2.vpce.amazonaws.com
*.control.vpce-003b261c094fd9114-d1m6jung.s3.ap-northeast-2.vpce.amazonaws.com
*.s3-accesspoint.ap-northeast-2.amazonaws.com
*.s3-control.ap-northeast-2.amazonaws.com
bucket.vpce-003b261c094fd9114-d1m6jung-ap-northeast-2a.s3.ap-northeast-2.vpce.amazonaws.com
bucket.vpce-003b261c094fd9114-d1m6jung-ap-northeast-2b.s3.ap-northeast-2.vpce.amazonaws.com
bucket.vpce-003b261c094fd9114-d1m6jung-ap-northeast-2c.s3.ap-northeast-2.vpce.amazonaws.com
bucket.vpce-003b261c094fd9114-d1m6jung-ap-northeast-2d.s3.ap-northeast-2.vpce.amazonaws.com
bucket.vpce-003b261c094fd9114-d1m6jung.s3.ap-northeast-2.vpce.amazonaws.com
fd4d30912b84.Productionv2SwitzerlandNorth.private.postgres.database.azure.com
flexvnethaserver-20210903025702.postgres.database.azure.com
*.canary-5cc2c64f7963.tw8ci4.c1.kafka.us-west-1.amazonaws.com
*.ap-south-1.es.amazonaws.com
ywyzr6ppciglm52rkdkpkimht4.ap-south-1.es.amazonaws.com
*.canary-5cc2c64f7963.tw8ci4.c1.kafka.us-west-1.amazonaws.com
magento.booking.traderpubs.com
lyndenhsbcenter.com
dc2.consul.666b9fe1-54f1-4a1f-a065-b0ae085fa7f2.aws.hashicorp.cloud
dc2.private.consul.666b9fe1-54f1-4a1f-a065-b0ae085fa7f2.aws.hashicorp.cloud
dc2.consul.666b9fe1-54f1-4a1f-a065-b0ae085fa7f2.aws.hashicorp.cloud
dc2.private.consul.666b9fe1-54f1-4a1f-a065-b0ae085fa7f2.aws.hashicorp.cloud
autodiscover.dubsparovka.cz
pos.envinarte.com.mx
www.pos.envinarte.com.mx
www.teddbots.com.redsparrowinfotech.com
blog.store.dev.khabib2020darit.online
www.blog.store.dev.khabib2020darit.online
*.canary-384bb255055.86nov2.c1.kafka.us-gov-west-1.amazonaws.com
*.geo.redis.cache.windows.net
waws-prod-blu-d3c28e14.ftp.p.azurewebsites.windows.net
waws-prod-blu-d3c28e14.publish.p.azurewebsites.windows.net
*.geo.redis.cache.windows.net
*.us-west-2.es.amazonaws.com
ri6fbixficy7d6cn6bf4zuja5y.us-west-2.es.amazonaws.com
*.us-west-2.es.amazonaws.com
paa5scg7qsbwd53ligybi4j3ha.us-west-2.es.amazonaws.com
*.canary-8633b3d37ae.q0973q.c3.kafka.us-gov-east-1.amazonaws.com
*.us-west-2.es.amazonaws.com
jdljk6suej32j76vd2k43gbc5y.us-west-2.es.amazonaws.com
*.canary-a870c2c.9op1yi.c3.kafka.cn-northwest-1.amazonaws.com.cn
*.canary-4df239ce7ee9.dvjub7.c1.kafka.eu-west-3.amazonaws.com
www.lyndenhsbcenter.com
www.teddbots.com.redsparrowinfotech.com
blog.store.dev.khabib2020darit.online
www.blog.store.dev.khabib2020darit.online
waws-prod-blu-d3c28e14.ftp.p.azurewebsites.windows.net
waws-prod-blu-d3c28e14.publish.p.azurewebsites.windows.net
*.us-west-2.es.amazonaws.com
tgld62s2vp446j43bri75gfz7y.us-west-2.es.amazonaws.com
